This is pdfTeX, Version 3.14159265-2.6-1.40.18 (TeX Live 2017/Debian) (preloaded format=pdflatex 2019.1.1)  16 APR 2019 18:41
entering extended mode
 restricted \write18 enabled.
 %&-line parsing enabled.
**document.tex
(./document.tex
LaTeX2e <2017-04-15>
Babel <3.18> and hyphenation patterns for 84 language(s) loaded.
(/usr/share/texlive/texmf-dist/tex/latex/base/article.cls
Document Class: article 2014/09/29 v1.4h Standard LaTeX document class
(/usr/share/texlive/texmf-dist/tex/latex/base/size12.clo
File: size12.clo 2014/09/29 v1.4h Standard LaTeX file (size option)
)
\c@part=\count79
\c@section=\count80
\c@subsection=\count81
\c@subsubsection=\count82
\c@paragraph=\count83
\c@subparagraph=\count84
\c@figure=\count85
\c@table=\count86
\abovecaptionskip=\skip41
\belowcaptionskip=\skip42
\bibindent=\dimen102
)
(/usr/share/texlive/texmf-dist/tex/latex/parskip/parskip.sty
Package: parskip 2001/04/09 non-zero parskip adjustments
)
(/usr/share/texlive/texmf-dist/tex/latex/graphics/graphicx.sty
Package: graphicx 2017/06/01 v1.1a Enhanced LaTeX Graphics (DPC,SPQR)

(/usr/share/texlive/texmf-dist/tex/latex/graphics/keyval.sty
Package: keyval 2014/10/28 v1.15 key=value parser (DPC)
\KV@toks@=\toks14
)
(/usr/share/texlive/texmf-dist/tex/latex/graphics/graphics.sty
Package: graphics 2017/06/25 v1.2c Standard LaTeX Graphics (DPC,SPQR)

(/usr/share/texlive/texmf-dist/tex/latex/graphics/trig.sty
Package: trig 2016/01/03 v1.10 sin cos tan (DPC)
)
(/usr/share/texlive/texmf-dist/tex/latex/graphics-cfg/graphics.cfg
File: graphics.cfg 2016/06/04 v1.11 sample graphics configuration
)
Package graphics Info: Driver file: pdftex.def on input line 99.

(/usr/share/texlive/texmf-dist/tex/latex/graphics-def/pdftex.def
File: pdftex.def 2018/01/08 v1.0l Graphics/color driver for pdftex
))
\Gin@req@height=\dimen103
\Gin@req@width=\dimen104
)
(/usr/share/texlive/texmf-dist/tex/latex/tabu/tabu.sty
Package: tabu 2011/02/26 v2.8 - flexible LaTeX tabulars (FC)

(/usr/share/texlive/texmf-dist/tex/latex/tools/array.sty
Package: array 2016/10/06 v2.4d Tabular extension package (FMi)
\col@sep=\dimen105
\extrarowheight=\dimen106
\NC@list=\toks15
\extratabsurround=\skip43
\backup@length=\skip44
)
(/usr/share/texlive/texmf-dist/tex/latex/varwidth/varwidth.sty
Package: varwidth 2009/03/30 ver 0.92;  Variable-width minipages
\@vwid@box=\box26
\sift@deathcycles=\count87
\@vwid@loff=\dimen107
\@vwid@roff=\dimen108
)
\c@taburow=\count88
\tabu@nbcols=\count89
\tabu@cnt=\count90
\tabu@Xcol=\count91
\tabu@alloc=\count92
\tabu@nested=\count93
\tabu@target=\dimen109
\tabu@spreadtarget=\dimen110
\tabu@naturalX=\dimen111
\tabucolX=\dimen112
\tabu@Xsum=\dimen113
\extrarowdepth=\dimen114
\abovetabulinesep=\dimen115
\belowtabulinesep=\dimen116
\tabustrutrule=\dimen117
\tabu@thebody=\toks16
\tabu@footnotes=\toks17
\tabu@box=\box27
\tabu@arstrutbox=\box28
\tabu@hleads=\box29
\tabu@vleads=\box30
\tabu@cellskip=\skip45
)
(/usr/share/texlive/texmf-dist/tex/latex/amsmath/amsmath.sty
Package: amsmath 2017/09/02 v2.17a AMS math features
\@mathmargin=\skip46

For additional information on amsmath, use the `?' option.
(/usr/share/texlive/texmf-dist/tex/latex/amsmath/amstext.sty
Package: amstext 2000/06/29 v2.01 AMS text

(/usr/share/texlive/texmf-dist/tex/latex/amsmath/amsgen.sty
File: amsgen.sty 1999/11/30 v2.0 generic functions
\@emptytoks=\toks18
\ex@=\dimen118
))
(/usr/share/texlive/texmf-dist/tex/latex/amsmath/amsbsy.sty
Package: amsbsy 1999/11/29 v1.2d Bold Symbols
\pmbraise@=\dimen119
)
(/usr/share/texlive/texmf-dist/tex/latex/amsmath/amsopn.sty
Package: amsopn 2016/03/08 v2.02 operator names
)
\inf@bad=\count94
LaTeX Info: Redefining \frac on input line 213.
\uproot@=\count95
\leftroot@=\count96
LaTeX Info: Redefining \overline on input line 375.
\classnum@=\count97
\DOTSCASE@=\count98
LaTeX Info: Redefining \ldots on input line 472.
LaTeX Info: Redefining \dots on input line 475.
LaTeX Info: Redefining \cdots on input line 596.
\Mathstrutbox@=\box31
\strutbox@=\box32
\big@size=\dimen120
LaTeX Font Info:    Redeclaring font encoding OML on input line 712.
LaTeX Font Info:    Redeclaring font encoding OMS on input line 713.
\macc@depth=\count99
\c@MaxMatrixCols=\count100
\dotsspace@=\muskip10
\c@parentequation=\count101
\dspbrk@lvl=\count102
\tag@help=\toks19
\row@=\count103
\column@=\count104
\maxfields@=\count105
\andhelp@=\toks20
\eqnshift@=\dimen121
\alignsep@=\dimen122
\tagshift@=\dimen123
\tagwidth@=\dimen124
\totwidth@=\dimen125
\lineht@=\dimen126
\@envbody=\toks21
\multlinegap=\skip47
\multlinetaggap=\skip48
\mathdisplay@stack=\toks22
LaTeX Info: Redefining \[ on input line 2817.
LaTeX Info: Redefining \] on input line 2818.
)
(/usr/share/texlive/texmf-dist/tex/latex/float/float.sty
Package: float 2001/11/08 v1.3d Float enhancements (AL)
\c@float@type=\count106
\float@exts=\toks23
\float@box=\box33
\@float@everytoks=\toks24
\@floatcapt=\box34
)
(/usr/share/texlive/texmf-dist/tex/latex/caption/subcaption.sty
Package: subcaption 2016/05/22 v1.1-161 Sub-captions (AR)

(/usr/share/texlive/texmf-dist/tex/latex/caption/caption.sty
Package: caption 2016/02/21 v3.3-144 Customizing captions (AR)

(/usr/share/texlive/texmf-dist/tex/latex/caption/caption3.sty
Package: caption3 2016/05/22 v1.7-166 caption3 kernel (AR)
Package caption3 Info: TeX engine: e-TeX on input line 67.
\captionmargin=\dimen127
\captionmargin@=\dimen128
\captionwidth=\dimen129
\caption@tempdima=\dimen130
\caption@indent=\dimen131
\caption@parindent=\dimen132
\caption@hangindent=\dimen133
)
\c@ContinuedFloat=\count107
Package caption Info: float package is loaded.
)
\c@subfigure=\count108
\c@subtable=\count109
)
(./document.aux

LaTeX Warning: Label `table:1' multiply defined.


LaTeX Warning: Label `table:1' multiply defined.


LaTeX Warning: Label `table:1' multiply defined.


LaTeX Warning: Label `table:1' multiply defined.


LaTeX Warning: Label `table:1' multiply defined.

)
\openout1 = `document.aux'.

LaTeX Font Info:    Checking defaults for OML/cmm/m/it on input line 10.
LaTeX Font Info:    ... okay on input line 10.
LaTeX Font Info:    Checking defaults for T1/cmr/m/n on input line 10.
LaTeX Font Info:    ... okay on input line 10.
LaTeX Font Info:    Checking defaults for OT1/cmr/m/n on input line 10.
LaTeX Font Info:    ... okay on input line 10.
LaTeX Font Info:    Checking defaults for OMS/cmsy/m/n on input line 10.
LaTeX Font Info:    ... okay on input line 10.
LaTeX Font Info:    Checking defaults for OMX/cmex/m/n on input line 10.
LaTeX Font Info:    ... okay on input line 10.
LaTeX Font Info:    Checking defaults for U/cmr/m/n on input line 10.
LaTeX Font Info:    ... okay on input line 10.
 (/usr/share/texlive/texmf-dist/tex/context/base/mkii/supp-pdf.mkii
[Loading MPS to PDF converter (version 2006.09.02).]
\scratchcounter=\count110
\scratchdimen=\dimen134
\scratchbox=\box35
\nofMPsegments=\count111
\nofMParguments=\count112
\everyMPshowfont=\toks25
\MPscratchCnt=\count113
\MPscratchDim=\dimen135
\MPnumerator=\count114
\makeMPintoPDFobject=\count115
\everyMPtoPDFconversion=\toks26
) (/usr/share/texlive/texmf-dist/tex/latex/oberdiek/epstopdf-base.sty
Package: epstopdf-base 2016/05/15 v2.6 Base part for package epstopdf

(/usr/share/texlive/texmf-dist/tex/generic/oberdiek/infwarerr.sty
Package: infwarerr 2016/05/16 v1.4 Providing info/warning/error messages (HO)
)
(/usr/share/texlive/texmf-dist/tex/latex/oberdiek/grfext.sty
Package: grfext 2016/05/16 v1.2 Manage graphics extensions (HO)

(/usr/share/texlive/texmf-dist/tex/generic/oberdiek/kvdefinekeys.sty
Package: kvdefinekeys 2016/05/16 v1.4 Define keys (HO)

(/usr/share/texlive/texmf-dist/tex/generic/oberdiek/ltxcmds.sty
Package: ltxcmds 2016/05/16 v1.23 LaTeX kernel commands for general use (HO)
)))
(/usr/share/texlive/texmf-dist/tex/latex/oberdiek/kvoptions.sty
Package: kvoptions 2016/05/16 v3.12 Key value format for package options (HO)

(/usr/share/texlive/texmf-dist/tex/generic/oberdiek/kvsetkeys.sty
Package: kvsetkeys 2016/05/16 v1.17 Key value parser (HO)

(/usr/share/texlive/texmf-dist/tex/generic/oberdiek/etexcmds.sty
Package: etexcmds 2016/05/16 v1.6 Avoid name clashes with e-TeX commands (HO)

(/usr/share/texlive/texmf-dist/tex/generic/oberdiek/ifluatex.sty
Package: ifluatex 2016/05/16 v1.4 Provides the ifluatex switch (HO)
Package ifluatex Info: LuaTeX not detected.
)
Package etexcmds Info: Could not find \expanded.
(etexcmds)             That can mean that you are not using pdfTeX 1.50 or
(etexcmds)             that some package has redefined \expanded.
(etexcmds)             In the latter case, load this package earlier.
)))
(/usr/share/texlive/texmf-dist/tex/generic/oberdiek/pdftexcmds.sty
Package: pdftexcmds 2018/01/21 v0.26 Utility functions of pdfTeX for LuaTeX (HO
)

(/usr/share/texlive/texmf-dist/tex/generic/oberdiek/ifpdf.sty
Package: ifpdf 2017/03/15 v3.2 Provides the ifpdf switch
)
Package pdftexcmds Info: LuaTeX not detected.
Package pdftexcmds Info: \pdf@primitive is available.
Package pdftexcmds Info: \pdf@ifprimitive is available.
Package pdftexcmds Info: \pdfdraftmode found.
)
Package epstopdf-base Info: Redefining graphics rule for `.eps' on input line 4
38.
Package grfext Info: Graphics extension search list:
(grfext)             [.pdf,.png,.jpg,.mps,.jpeg,.jbig2,.jb2,.PDF,.PNG,.JPG,.JPE
G,.JBIG2,.JB2,.eps]
(grfext)             \AppendGraphicsExtensions on input line 456.

(/usr/share/texlive/texmf-dist/tex/latex/latexconfig/epstopdf-sys.cfg
File: epstopdf-sys.cfg 2010/07/13 v1.3 Configuration of (r)epstopdf for TeX Liv
e
))
Package caption Info: Begin \AtBeginDocument code.
Package caption Info: End \AtBeginDocument code.

[1

{/var/lib/texmf/fonts/map/pdftex/updmap/pdftex.map}] (./document.toc)
\tf@toc=\write3
\openout3 = `document.toc'.


[0]
Underfull \hbox (badness 10000) in paragraph at lines 58--61

 []


Underfull \hbox (badness 10000) in paragraph at lines 62--66

 []

[1

]
<placeholder.jpg, id=17, 1027.84pt x 770.88pt>
File: placeholder.jpg Graphic file (type jpg)
<use placeholder.jpg>
Package pdftex.def Info: placeholder.jpg  used on input line 73.
(pdftex.def)             Requested size: 205.56436pt x 154.17326pt.

Underfull \hbox (badness 10000) in paragraph at lines 81--82

 []


Underfull \hbox (badness 10000) in paragraph at lines 83--84

 []

File: placeholder.jpg Graphic file (type jpg)
<use placeholder.jpg>
Package pdftex.def Info: placeholder.jpg  used on input line 87.
(pdftex.def)             Requested size: 205.56436pt x 154.17326pt.
[2 <./placeholder.jpg>]
File: placeholder.jpg Graphic file (type jpg)
<use placeholder.jpg>
Package pdftex.def Info: placeholder.jpg  used on input line 96.
(pdftex.def)             Requested size: 205.56436pt x 154.17326pt.
File: placeholder.jpg Graphic file (type jpg)
<use placeholder.jpg>
Package pdftex.def Info: placeholder.jpg  used on input line 105.
(pdftex.def)             Requested size: 205.56436pt x 154.17326pt.
 [3]
File: placeholder.jpg Graphic file (type jpg)
<use placeholder.jpg>
Package pdftex.def Info: placeholder.jpg  used on input line 114.
(pdftex.def)             Requested size: 205.56436pt x 154.17326pt.

Underfull \hbox (badness 10000) in paragraph at lines 119--120

 []

File: placeholder.jpg Graphic file (type jpg)
<use placeholder.jpg>
Package pdftex.def Info: placeholder.jpg  used on input line 126.
(pdftex.def)             Requested size: 205.56436pt x 154.17326pt.
[4]
File: placeholder.jpg Graphic file (type jpg)
<use placeholder.jpg>
Package pdftex.def Info: placeholder.jpg  used on input line 135.
(pdftex.def)             Requested size: 205.56436pt x 154.17326pt.
File: placeholder.jpg Graphic file (type jpg)
<use placeholder.jpg>
Package pdftex.def Info: placeholder.jpg  used on input line 144.
(pdftex.def)             Requested size: 205.56436pt x 154.17326pt.
 [5]
File: placeholder.jpg Graphic file (type jpg)
<use placeholder.jpg>
Package pdftex.def Info: placeholder.jpg  used on input line 154.
(pdftex.def)             Requested size: 205.56436pt x 154.17326pt.

Underfull \hbox (badness 10000) in paragraph at lines 161--162

 []


Underfull \hbox (badness 10000) in paragraph at lines 163--164

 []

[6]
Underfull \hbox (badness 10000) in paragraph at lines 165--166

 []

[7]
Underfull \hbox (badness 10000) in paragraph at lines 247--248

 []

[8] [9] (./document.aux)

LaTeX Warning: There were multiply-defined labels.

 ) 
Here is how much of TeX's memory you used:
 3996 strings out of 492982
 59476 string characters out of 6134897
 131276 words of memory out of 5000000
 7524 multiletter control sequences out of 15000+600000
 8560 words of font info for 31 fonts, out of 8000000 for 9000
 1141 hyphenation exceptions out of 8191
 42i,8n,40p,589b,308s stack positions out of 5000i,500n,10000p,200000b,80000s
</usr/share/texlive/texmf-dist/fonts/type1/public/amsfonts/cm/cmbx12.pfb></us
r/share/texlive/texmf-dist/fonts/type1/public/amsfonts/cm/cmmi12.pfb></usr/shar
e/texlive/texmf-dist/fonts/type1/public/amsfonts/cm/cmmi8.pfb></usr/share/texli
ve/texmf-dist/fonts/type1/public/amsfonts/cm/cmr12.pfb></usr/share/texlive/texm
f-dist/fonts/type1/public/amsfonts/cm/cmr17.pfb>
Output written on document.pdf (11 pages, 93631 bytes).
PDF statistics:
 61 PDF objects out of 1000 (max. 8388607)
 41 compressed objects within 1 object stream
 0 named destinations out of 1000 (max. 500000)
 6 words of extra memory for PDF output out of 10000 (max. 10000000)

